<?xml version="1.0" encoding="UTF-8"?>
<!-- Generated by org.testng.reporters.JUnitReportReporter -->
<testsuite skipped="0" hostname="MDB22LT506" name="com.ether.runner.CucumberTestRunner" tests="1" failures="0" timestamp="04 Jun 2020 03:49:59 GMT" time="126.813" errors="0">
  <testcase name="feature" time="126.813" classname="com.ether.runner.CucumberTestRunner"/>
</testsuite> <!-- com.ether.runner.CucumberTestRunner -->
