<?xml version="1.0" encoding="UTF-8"?>
<!-- Generated by org.testng.reporters.JUnitReportReporter -->
<testsuite hostname="MDB22LT506" failures="0" tests="1" name="com.ether.runner.CucumberTestRunner" time="129.224" errors="0" timestamp="02 Jun 2020 09:07:18 GMT" skipped="0">
  <testcase classname="com.ether.runner.CucumberTestRunner" name="feature" time="129.224"/>
</testsuite> <!-- com.ether.runner.CucumberTestRunner -->
