<?xml version="1.0" encoding="UTF-8"?>
<!-- Generated by org.testng.reporters.JUnitReportReporter -->
<testsuite skipped="0" hostname="MDB22LT506" name="com.ether.runner.CucumberTestRunner" tests="2" failures="0" timestamp="02 Jun 2020 20:18:57 GMT" time="62.478" errors="0">
  <testcase name="feature" time="10.750" classname="com.ether.runner.CucumberTestRunner"/>
  <testcase name="feature" time="51.728" classname="com.ether.runner.CucumberTestRunner"/>
</testsuite> <!-- com.ether.runner.CucumberTestRunner -->
